scalar
[legs(Up Down) node([dims(2 3) data(0 0 0 0 0 0)])]
[legs(Up Down) node([dims(2 3) data(0 1 2 3 4 5)])]
[legs(Up Down) node([dims(2 3) data(1.2 2.2 3.2 4.2 5.2 6.2)])]
[legs(Up Down) node([dims(2 3) data(-1.2 -0.2 0.8 1.8 2.8 3.8)])]
[legs(Up Down) node([dims(2 3) data(0 1.2 2.4 3.6 4.8 6)])]
[legs(Up Down) node([dims(2 3) data(0 0.833333 1.66667 2.5 3.33333 4.16667)])]
[legs(Up Down) node([dims(2 3) data(0 4.6 9.2 13.8 18.4 23)])]
[legs(Up Down) node([dims(2 3) data(1 1.29412 1.58824 1.88235 2.17647 2.47059)])]
[legs(Up Down) node([dims(2 3) data(4 3.5 4 4.75 5.6 6.5)])]
[legs(Up Down) node([dims(2 3) data(-1.2 -1.2 -1.2 -1.2 -1.2 -1.2)])]
[legs(Up Down) node([dims(2 3) data(inf 4 3.5 3.33333 3.25 3.2)])]
[legs(Up Down) node([dims(2 3) data(0 -2 -4 -6 -8 -10)])]
transpose
[legs(Left Right) node([dims(2 3) data(0 1 2 3 4 5)])]
[legs(Right Left) node([dims(3 2) data(0 3 1 4 2 5)])]
[legs(Down Up Left Right) node([dims(2 3 4 5) data(0 1 2 3 4 5 6 7 8 9 10 11 12 13 14 15 16 17 18 19 20 21 22 23 24 25 26 27 28 29 30 31 32 33 34 35 36 37 38 39 40 41 42 43 44 45 46 47 48 49 50 51 52 53 54 55 56 57 58 59 60 61 62 63 64 65 66 67 68 69 70 71 72 73 74 75 76 77 78 79 80 81 82 83 84 85 86 87 88 89 90 91 92 93 94 95 96 97 98 99 100 101 102 103 104 105 106 107 108 109 110 111 112 113 114 115 116 117 118 119)])]
[legs(Left Down Right Up) node([dims(4 2 5 3) data(0 20 40 1 21 41 2 22 42 3 23 43 4 24 44 60 80 100 61 81 101 62 82 102 63 83 103 64 84 104 5 25 45 6 26 46 7 27 47 8 28 48 9 29 49 65 85 105 66 86 106 67 87 107 68 88 108 69 89 109 10 30 50 11 31 51 12 32 52 13 33 53 14 34 54 70 90 110 71 91 111 72 92 112 73 93 113 74 94 114 15 35 55 16 36 56 17 37 57 18 38 58 19 39 59 75 95 115 76 96 116 77 97 117 78 98 118 79 99 119)])]
to
[legs(Left Right) node([dims(2 3) data(0 1 2 3 4 5)])]
[legs(Left Right) node([dims(2 3) data(0 1 2 3 4 5)])]
contract
[legs(Down Up) node([dims(2 3) data(0 1 2 3 4 5)])]
[legs(Down Up) node([dims(2 3) data(0 1 2 3 4 5)])]
[legs(Down Down1) node([dims(2 2) data(5 14 14 50)])]
[legs(Down Up Left Right Phy) node([dims(2 3 4 5 6) data(0 1 2 3 4 5 6 7 8 9 10 11 12 13 14 15 16 17 18 19 20 21 22 23 24 25 26 27 28 29 30 31 32 33 34 35 36 37 38 39 40 41 42 43 44 45 46 47 48 49 50 51 52 53 54 55 56 57 58 59 60 61 62 63 64 65 66 67 68 69 70 71 72 73 74 75 76 77 78 79 80 81 82 83 84 85 86 87 88 89 90 91 92 93 94 95 96 97 98 99 100 101 102 103 104 105 106 107 108 109 110 111 112 113 114 115 116 117 118 119 120 121 122 123 124 125 126 127 128 129 130 131 132 133 134 135 136 137 138 139 140 141 142 143 144 145 146 147 148 149 150 151 152 153 154 155 156 157 158 159 160 161 162 163 164 165 166 167 168 169 170 171 172 173 174 175 176 177 178 179 180 181 182 183 184 185 186 187 188 189 190 191 192 193 194 195 196 197 198 199 200 201 202 203 204 205 206 207 208 209 210 211 212 213 214 215 216 217 218 219 220 221 222 223 224 225 226 227 228 229 230 231 232 233 234 235 236 237 238 239 240 241 242 243 244 245 246 247 248 249 250 251 252 253 254 255 256 257 258 259 260 261 262 263 264 265 266 267 268 269 270 271 272 273 274 275 276 277 278 279 280 281 282 283 284 285 286 287 288 289 290 291 292 293 294 295 296 297 298 299 300 301 302 303 304 305 306 307 308 309 310 311 312 313 314 315 316 317 318 319 320 321 322 323 324 325 326 327 328 329 330 331 332 333 334 335 336 337 338 339 340 341 342 343 344 345 346 347 348 349 350 351 352 353 354 355 356 357 358 359 360 361 362 363 364 365 366 367 368 369 370 371 372 373 374 375 376 377 378 379 380 381 382 383 384 385 386 387 388 389 390 391 392 393 394 395 396 397 398 399 400 401 402 403 404 405 406 407 408 409 410 411 412 413 414 415 416 417 418 419 420 421 422 423 424 425 426 427 428 429 430 431 432 433 434 435 436 437 438 439 440 441 442 443 444 445 446 447 448 449 450 451 452 453 454 455 456 457 458 459 460 461 462 463 464 465 466 467 468 469 470 471 472 473 474 475 476 477 478 479 480 481 482 483 484 485 486 487 488 489 490 491 492 493 494 495 496 497 498 499 500 501 502 503 504 505 506 507 508 509 510 511 512 513 514 515 516 517 518 519 520 521 522 523 524 525 526 527 528 529 530 531 532 533 534 535 536 537 538 539 540 541 542 543 544 545 546 547 548 549 550 551 552 553 554 555 556 557 558 559 560 561 562 563 564 565 566 567 568 569 570 571 572 573 574 575 576 577 578 579 580 581 582 583 584 585 586 587 588 589 590 591 592 593 594 595 596 597 598 599 600 601 602 603 604 605 606 607 608 609 610 611 612 613 614 615 616 617 618 619 620 621 622 623 624 625 626 627 628 629 630 631 632 633 634 635 636 637 638 639 640 641 642 643 644 645 646 647 648 649 650 651 652 653 654 655 656 657 658 659 660 661 662 663 664 665 666 667 668 669 670 671 672 673 674 675 676 677 678 679 680 681 682 683 684 685 686 687 688 689 690 691 692 693 694 695 696 697 698 699 700 701 702 703 704 705 706 707 708 709 710 711 712 713 714 715 716 717 718 719)])]
[legs(Down Up Left) node([dims(5 3 7) data(0 1 2 3 4 5 6 7 8 9 10 11 12 13 14 15 16 17 18 19 20 21 22 23 24 25 26 27 28 29 30 31 32 33 34 35 36 37 38 39 40 41 42 43 44 45 46 47 48 49 50 51 52 53 54 55 56 57 58 59 60 61 62 63 64 65 66 67 68 69 70 71 72 73 74 75 76 77 78 79 80 81 82 83 84 85 86 87 88 89 90 91 92 93 94 95 96 97 98 99 100 101 102 103 104)])]
[legs(Down Left Phy Left3) node([dims(2 4 6 7) data(109200 111180 113160 115140 117120 119100 121080 109935 111930 113925 115920 117915 119910 121905 110670 112680 114690 116700 118710 120720 122730 111405 113430 115455 117480 119505 121530 123555 112140 114180 116220 118260 120300 122340 124380 112875 114930 116985 119040 121095 123150 125205 131250 133680 136110 138540 140970 143400 145830 131985 134430 136875 139320 141765 144210 146655 132720 135180 137640 140100 142560 145020 147480 133455 135930 138405 140880 143355 145830 148305 134190 136680 139170 141660 144150 146640 149130 134925 137430 139935 142440 144945 147450 149955 153300 156180 159060 161940 164820 167700 170580 154035 156930 159825 162720 165615 168510 171405 154770 157680 160590 163500 166410 169320 172230 155505 158430 161355 164280 167205 170130 173055 156240 159180 162120 165060 168000 170940 173880 156975 159930 162885 165840 168795 171750 174705 175350 178680 182010 185340 188670 192000 195330 176085 179430 182775 186120 189465 192810 196155 176820 180180 183540 186900 190260 193620 196980 177555 180930 184305 187680 191055 194430 197805 178290 181680 185070 188460 191850 195240 198630 179025 182430 185835 189240 192645 196050 199455 373800 381180 388560 395940 403320 410700 418080 374535 381930 389325 396720 404115 411510 418905 375270 382680 390090 397500 404910 412320 419730 376005 383430 390855 398280 405705 413130 420555 376740 384180 391620 399060 406500 413940 421380 377475 384930 392385 399840 407295 414750 422205 395850 403680 411510 419340 427170 435000 442830 396585 404430 412275 420120 427965 435810 443655 397320 405180 413040 420900 428760 436620 444480 398055 405930 413805 421680 429555 437430 445305 398790 406680 414570 422460 430350 438240 446130 399525 407430 415335 423240 431145 439050 446955 417900 426180 434460 442740 451020 459300 467580 418635 426930 435225 443520 451815 460110 468405 419370 427680 435990 444300 452610 460920 469230 420105 428430 436755 445080 453405 461730 470055 420840 429180 437520 445860 454200 462540 470880 421575 429930 438285 446640 454995 463350 471705 439950 448680 457410 466140 474870 483600 492330 440685 449430 458175 466920 475665 484410 493155 441420 450180 458940 467700 476460 485220 493980 442155 450930 459705 468480 477255 486030 494805 442890 451680 460470 469260 478050 486840 495630 443625 452430 461235 470040 478845 487650 496455)])]
multiple
[legs(Down Up) node([dims(3 4) data(0 1 2 3 4 5 6 7 8 9 10 11)])]
[legs(Down) node([dims(4) data(0 1 2 3)])]
[legs(Down Up) node([dims(3 4) data(0 1 4 9 0 5 12 21 0 9 20 33)])]
[legs(Right Down Up) node([dims(2 3 4) data(0 1 2 3 4 5 6 7 8 9 10 11 12 13 14 15 16 17 18 19 20 21 22 23)])]
[legs(Down) node([dims(3) data(0 1 2)])]
[legs(Right Down Up) node([dims(2 3 4) data(0 0 0 0 4 5 6 7 16 18 20 22 0 0 0 0 16 17 18 19 40 42 44 46)])]
