step = -1
Energy = 0.063402
{[32mnames[0m:[Phy,Right],[32medges[0m:[2,4],[32mblocks[0m:[0.185689,0.688531,0.715891,0.694503,0.247127,-0.231237,-0.404931,-0.886574]}
{[32mnames[0m:[Phy,Left,Right],[32medges[0m:[2,4,4],[32mblocks[0m:[-0.454687,-0.0446698,0.624337,-0.0400457,-0.21443,0.672158,-0.325208,0.296344,-0.263517,0.91431,-0.719298,0.740175,-0.0527839,0.601822,0.040955,0.357759,0.441265,0.16404,0.0747465,0.517231,-0.788185,-0.0527992,-0.627335,0.473836,-0.566899,-0.729564,-0.351718,-0.70065,-0.555357,-0.227022,0.805197,-0.1001]}
{[32mnames[0m:[Phy,Left,Right],[32medges[0m:[2,4,4],[32mblocks[0m:[0.226127,0.804697,-0.801439,0.939618,0.30628,-0.658181,-0.283696,0.501372,0.215661,-0.349906,-0.923149,0.268548,0.917899,0.305581,0.270118,0.990599,0.163701,-0.171263,-0.050605,0.24702,-0.323985,0.349505,-0.365597,0.556691,0.899142,0.325054,-0.972857,0.245692,0.347319,0.94389,0.756387,0.0192487]}
{[32mnames[0m:[Phy,Left],[32medges[0m:[2,4],[32mblocks[0m:[-0.888571,-0.0976816,-0.960025,-0.116578,0.959173,-0.281111,-0.0382129,0.377322]}
step = 9
Energy = -0.270028
{[32mnames[0m:[Right,Phy],[32medges[0m:[2,2],[32mblocks[0m:[-0.240336,1,-0.310344,-0.0745866]}
{[32mnames[0m:[Right,Phy,Left],[32medges[0m:[4,2,2],[32mblocks[0m:[1,0.261866,-0.306618,0.752731,0.0977632,-0.182945,0.23205,-0.140402,0.00897211,0.293057,-0.0270587,-0.619177,0.000363022,-0.0227,-0.00253585,-0.0100347]}
{[32mnames[0m:[Right,Phy,Left],[32medges[0m:[2,2,4],[32mblocks[0m:[0.452808,-0.936448,-0.411373,0.151382,0.88021,0.568015,-0.18531,0.377311,-0.486436,0.229294,-0.935994,0.3299,0.240185,0.148201,-0.440978,-1]}
{[32mnames[0m:[Phy,Left],[32medges[0m:[2,2],[32mblocks[0m:[1,0.281839,-0.281839,1]}
step = 19
Energy = -0.39241
{[32mnames[0m:[Right,Phy],[32medges[0m:[2,2],[32mblocks[0m:[0.017036,1,-0.65027,0.011078]}
{[32mnames[0m:[Right,Phy,Left],[32medges[0m:[4,2,2],[32mblocks[0m:[0.991859,0.0969574,-0.0941688,1,0.0306724,-0.00226507,0.258934,-0.00646308,-0.0705804,0.0407415,0.0107664,0.18016,0.00457092,0.146036,-0.000409662,-0.0294378]}
{[32mnames[0m:[Right,Phy,Left],[32medges[0m:[2,2,4],[32mblocks[0m:[0.104867,-1,-0.0979096,0.00753485,0.829473,0.141878,-0.557247,0.0442834,-0.562399,0.0223813,-0.815931,0.195203,0.0729739,-0.00314767,0.186512,0.990211]}
{[32mnames[0m:[Phy,Left],[32medges[0m:[2,2],[32mblocks[0m:[1,0.130961,-0.130961,1]}
step = 29
Energy = -0.403113
{[32mnames[0m:[Right,Phy],[32medges[0m:[2,2],[32mblocks[0m:[0.0629262,1,-0.890544,0.0560386]}
{[32mnames[0m:[Right,Phy,Left],[32medges[0m:[4,2,2],[32mblocks[0m:[0.999202,0.0773123,-0.0772318,1,0.0187332,-0.000201177,0.232787,-6.82683e-05,-0.132954,0.0142921,0.0107796,0.171703,0.000257481,0.2019,0.000108889,-0.0166048]}
{[32mnames[0m:[Right,Phy,Left],[32medges[0m:[2,2,4],[32mblocks[0m:[0.0630716,-1,-0.0587116,-0.000545434,0.746874,0.0861468,-0.664967,0.00182516,-0.665179,0.00183512,-0.746636,0.0865632,0.0562533,-0.00086155,0.0658152,0.999964]}
{[32mnames[0m:[Phy,Left],[32medges[0m:[2,2],[32mblocks[0m:[1,0.0931986,-0.0931986,1]}
step = 39
Energy = -0.403938
{[32mnames[0m:[Right,Phy],[32medges[0m:[2,2],[32mblocks[0m:[0.0741387,1,-0.96866,0.0718151]}
{[32mnames[0m:[Right,Phy,Left],[32medges[0m:[4,2,2],[32mblocks[0m:[0.999797,0.077581,-0.0775673,1,0.0173672,-3.83964e-05,0.22267,7.86651e-05,-0.148892,0.0124257,0.0115641,0.159735,-5.19268e-05,0.214077,4.3906e-05,-0.016711]}
{[32mnames[0m:[Right,Phy,Left],[32medges[0m:[2,2,4],[32mblocks[0m:[-0.0569787,0.999998,0.0554339,0.000179155,-0.718488,-0.0794949,0.695537,-0.000170421,0.695558,-0.000181311,0.71847,-0.0794711,-0.0551645,0.000207111,-0.0572062,-1]}
{[32mnames[0m:[Phy,Left],[32medges[0m:[2,2],[32mblocks[0m:[-1,-0.082271,0.082271,-1]}
step = 49
Energy = -0.404001
{[32mnames[0m:[Right,Phy],[32medges[0m:[2,2],[32mblocks[0m:[0.0770815,1,-0.991242,0.0764064]}
{[32mnames[0m:[Right,Phy,Left],[32medges[0m:[4,2,2],[32mblocks[0m:[0.999943,0.0779973,-0.0779931,1,0.0171451,-9.23358e-06,0.219657,3.2081e-05,-0.152972,0.0121535,0.0119184,0.155972,-2.84293e-05,0.217274,1.36034e-05,-0.0169599]}
{[32mnames[0m:[Right,Phy,Left],[32medges[0m:[2,2,4],[32mblocks[0m:[-0.0556958,1,0.0552679,4.89411e-05,-0.710284,-0.0784638,0.703915,-5.06366e-05,0.70392,-4.64035e-05,0.710279,-0.078461,-0.0551971,5.65551e-05,-0.0557622,-1]}
{[32mnames[0m:[Phy,Left],[32medges[0m:[2,2],[32mblocks[0m:[-1,-0.0792728,0.0792728,-1]}
step = 59
Energy = -0.404006
{[32mnames[0m:[Right,Phy],[32medges[0m:[2,2],[32mblocks[0m:[0.0778696,1,-0.997569,0.0776803]}
{[32mnames[0m:[Right,Phy,Left],[32medges[0m:[4,2,2],[32mblocks[0m:[0.999984,0.0781205,-0.0781193,1,0.0170947,-2.37691e-06,0.218806,1.06669e-05,-0.154071,0.0120947,0.0120297,0.154901,-1.00102e-05,0.218146,3.96534e-06,-0.0170432]}
{[32mnames[0m:[Right,Phy,Left],[32medges[0m:[2,2,4],[32mblocks[0m:[-0.0553794,1,0.0552686,1.30685e-05,-0.707989,-0.07824,0.706224,-1.99861e-05,0.706226,-1.80509e-05,0.707987,-0.0782398,-0.0552415,1.60446e-05,-0.0554061,-1]}
{[32mnames[0m:[Phy,Left],[32medges[0m:[2,2],[32mblocks[0m:[-1,-0.0784613,0.0784613,-1]}
step = 69
Energy = -0.404006
{[32mnames[0m:[Right,Phy],[32medges[0m:[2,2],[32mblocks[0m:[0.078082,1,-0.999326,0.0780294]}
{[32mnames[0m:[Right,Phy,Left],[32medges[0m:[4,2,2],[32mblocks[0m:[0.999996,0.0781513,-0.078151,1,0.0170815,-6.23927e-07,0.21857,3.35317e-06,-0.154373,0.01208,0.0120621,0.154602,-3.20224e-06,0.218387,1.13417e-06,-0.0170672]}
{[32mnames[0m:[Right,Phy,Left],[32medges[0m:[2,2,4],[32mblocks[0m:[-0.0552974,1,0.0552692,3.47585e-06,-0.707351,-0.0781824,0.706862,-7.35037e-06,0.706863,-6.74862e-06,0.70735,-0.0781824,-0.0552593,4.57814e-06,-0.0553074,-1]}
{[32mnames[0m:[Phy,Left],[32medges[0m:[2,2],[32mblocks[0m:[-1,-0.0782421,0.0782421,-1]}
step = 79
Energy = -0.404006
{[32mnames[0m:[Right,Phy],[32medges[0m:[2,2],[32mblocks[0m:[0.0781395,1,-0.999813,0.0781249]}
{[32mnames[0m:[Right,Phy,Left],[32medges[0m:[4,2,2],[32mblocks[0m:[0.999999,0.0781586,-0.0781585,1,0.0170779,-1.64908e-07,0.218504,1.0257e-06,-0.154456,0.0120762,0.0120713,0.15452,-9.86528e-07,0.218453,3.22021e-07,-0.0170739]}
{[32mnames[0m:[Right,Phy,Left],[32medges[0m:[2,2,4],[32mblocks[0m:[-0.0552758,1,0.0552687,9.25139e-07,-0.707174,-0.0781668,0.707039,-2.51044e-06,0.707039,-2.33843e-06,0.707174,-0.0781668,-0.0552653,1.30416e-06,-0.0552793,-1]}
{[32mnames[0m:[Phy,Left],[32medges[0m:[2,2],[32mblocks[0m:[-1,-0.0781829,0.0781829,-1]}
step = 89
Energy = -0.404006
{[32mnames[0m:[Right,Phy],[32medges[0m:[2,2],[32mblocks[0m:[0.078155,1,-0.999948,0.078151]}
{[32mnames[0m:[Right,Phy,Left],[32medges[0m:[4,2,2],[32mblocks[0m:[1,0.0781603,-0.0781603,1,0.0170769,-4.3746e-08,0.218486,3.08172e-07,-0.154479,0.0120753,0.0120739,0.154497,-2.97541e-07,0.218472,9.10765e-08,-0.0170758]}
{[32mnames[0m:[Right,Phy,Left],[32medges[0m:[2,2,4],[32mblocks[0m:[-0.0552701,1,0.0552683,2.46726e-07,-0.707126,-0.0781625,0.707088,-8.15279e-07,0.707088,-7.6721e-07,0.707125,-0.0781625,-0.0552672,3.70417e-07,-0.0552712,-1]}
{[32mnames[0m:[Phy,Left],[32medges[0m:[2,2],[32mblocks[0m:[-1,-0.0781668,0.0781668,-1]}
step = 99
Energy = -0.404006
{[32mnames[0m:[Right,Phy],[32medges[0m:[2,2],[32mblocks[0m:[0.0781593,1,-0.999986,0.0781581]}
{[32mnames[0m:[Right,Phy,Left],[32medges[0m:[4,2,2],[32mblocks[0m:[1,0.0781607,-0.0781607,1,0.0170766,-1.16352e-08,0.218481,9.13553e-08,-0.154485,0.012075,0.0120746,0.15449,-8.84245e-08,0.218477,2.5686e-08,-0.0170763]}
{[32mnames[0m:[Right,Phy,Left],[32medges[0m:[2,2,4],[32mblocks[0m:[-0.0552686,1,0.0552682,6.59374e-08,-0.707112,-0.0781613,0.707102,-2.55862e-07,0.707102,-2.42496e-07,0.707112,-0.0781613,-0.0552678,1.0489e-07,-0.055269,-1]}
{[32mnames[0m:[Phy,Left],[32medges[0m:[2,2],[32mblocks[0m:[-1,-0.0781625,0.0781625,-1]}
